0 info it worked if it ends with ok
1 verbose cli [ '/usr/local/bin/node', '/usr/local/bin/npm', 'run', 'run' ]
2 info using npm@3.6.0
3 info using node@v5.6.0
4 verbose run-script [ 'prerun', 'run', 'postrun' ]
5 info lifecycle limbo@1.0.0~prerun: limbo@1.0.0
6 silly lifecycle limbo@1.0.0~prerun: no script for prerun, continuing
7 info lifecycle limbo@1.0.0~run: limbo@1.0.0
8 verbose lifecycle limbo@1.0.0~run: unsafe-perm in lifecycle true
9 verbose lifecycle limbo@1.0.0~run: PATH: /usr/local/lib/node_modules/npm/bin/node-gyp-bin:/Users/zjs/project/limbo/node_modules/.bin:/Users/zjs/.rvm/gems/ruby-2.2.0/bin:/Users/zjs/.rvm/gems/ruby-2.2.0@global/bin:/Users/zjs/.rvm/rubies/ruby-2.2.0/bin:/usr/local/bin:/usr/bin:/bin:/usr/sbin:/sbin:/Users/zjs/.rvm/bin
10 verbose lifecycle limbo@1.0.0~run: CWD: /Users/zjs/project/limbo
11 silly lifecycle limbo@1.0.0~run: Args: [ '-c', 'babel-node index.js' ]
12 silly lifecycle limbo@1.0.0~run: Returned: code: 1  signal: null
13 info lifecycle limbo@1.0.0~run: Failed to exec run script
14 verbose stack Error: limbo@1.0.0 run: `babel-node index.js`
14 verbose stack Exit status 1
14 verbose stack     at EventEmitter.<anonymous> (/usr/local/lib/node_modules/npm/lib/utils/lifecycle.js:232:16)
14 verbose stack     at emitTwo (events.js:100:13)
14 verbose stack     at EventEmitter.emit (events.js:185:7)
14 verbose stack     at ChildProcess.<anonymous> (/usr/local/lib/node_modules/npm/lib/utils/spawn.js:24:14)
14 verbose stack     at emitTwo (events.js:100:13)
14 verbose stack     at ChildProcess.emit (events.js:185:7)
14 verbose stack     at maybeClose (internal/child_process.js:827:16)
14 verbose stack     at Process.ChildProcess._handle.onexit (internal/child_process.js:211:5)
15 verbose pkgid limbo@1.0.0
16 verbose cwd /Users/zjs/project/limbo
17 error Darwin 14.5.0
18 error argv "/usr/local/bin/node" "/usr/local/bin/npm" "run" "run"
19 error node v5.6.0
20 error npm  v3.6.0
21 error code ELIFECYCLE
22 error limbo@1.0.0 run: `babel-node index.js`
22 error Exit status 1
23 error Failed at the limbo@1.0.0 run script 'babel-node index.js'.
23 error Make sure you have the latest version of node.js and npm installed.
23 error If you do, this is most likely a problem with the limbo package,
23 error not with npm itself.
23 error Tell the author that this fails on your system:
23 error     babel-node index.js
23 error You can get information on how to open an issue for this project with:
23 error     npm bugs limbo
23 error Or if that isn't available, you can get their info via:
23 error     npm owner ls limbo
23 error There is likely additional logging output above.
24 verbose exit [ 1, true ]
